<?xml version="1.0" encoding="utf-8"?><testsuites><testsuite name="pytest" errors="0" failures="0" skipped="0" tests="1" time="0.276" timestamp="2024-05-15T14:26:30.809671" hostname="fv-az1108-253"><testcase classname="tests.crc8_test" name="test_calculate" time="0.001" /></testsuite></testsuites>